=== RUN   TestFormatISO8601Date
--- PASS: TestFormatISO8601Date (0.00s)
=== RUN   TestFormatEPOCH
--- PASS: TestFormatEPOCH (0.00s)
=== RUN   TestFormatEPOCH_MS
--- PASS: TestFormatEPOCH_MS (0.00s)
=== RUN   TestFormatYYYYMMDD
--- PASS: TestFormatYYYYMMDD (0.00s)
=== RUN   TestFormatISO8601DateWithNow
--- PASS: TestFormatISO8601DateWithNow (0.00s)
=== RUN   TestFormatEPOCHWithNow
--- PASS: TestFormatEPOCHWithNow (0.00s)
=== RUN   TestFormatEPOCH_MSWithNow
--- PASS: TestFormatEPOCH_MSWithNow (0.00s)
=== RUN   TestFormatYYYYMMDDWithNow
--- PASS: TestFormatYYYYMMDDWithNow (0.00s)
=== RUN   TestNewClient
--- PASS: TestNewClient (0.00s)
=== RUN   TestClient_Get_Success
=== RUN   TestClient_Get_Success/successful_GET_request
=== RUN   TestClient_Get_Success/GET_request_without_headers
--- PASS: TestClient_Get_Success (0.03s)
    --- PASS: TestClient_Get_Success/successful_GET_request (0.02s)
    --- PASS: TestClient_Get_Success/GET_request_without_headers (0.01s)
=== RUN   TestClient_Get_Error
=== RUN   TestClient_Get_Error/invalid_URL
2026/02/24 17:24:21 ERROR failed to create GET request url=://invalid-url error="parse \"://invalid-url\": missing protocol scheme"
=== RUN   TestClient_Get_Error/context_cancelled
2026/02/24 17:24:21 ERROR GET request failed url=/test error="Get \"/test\": unsupported protocol scheme \"\""
--- PASS: TestClient_Get_Error (0.00s)
    --- PASS: TestClient_Get_Error/invalid_URL (0.00s)
    --- PASS: TestClient_Get_Error/context_cancelled (0.00s)
=== RUN   TestClient_Post_Success
=== RUN   TestClient_Post_Success/successful_POST_request
=== RUN   TestClient_Post_Success/POST_request_with_nil_body
--- PASS: TestClient_Post_Success (0.02s)
    --- PASS: TestClient_Post_Success/successful_POST_request (0.01s)
    --- PASS: TestClient_Post_Success/POST_request_with_nil_body (0.01s)
=== RUN   TestClient_Post_Error
=== RUN   TestClient_Post_Error/invalid_URL
2026/02/24 17:24:21 ERROR failed to create POST request url=://invalid-url error="parse \"://invalid-url\": missing protocol scheme"
=== RUN   TestClient_Post_Error/unmarshalable_body
2026/02/24 17:24:21 ERROR failed to marshal request body url=/test error="json: unsupported type: chan int"
--- PASS: TestClient_Post_Error (0.00s)
    --- PASS: TestClient_Post_Error/invalid_URL (0.00s)
    --- PASS: TestClient_Post_Error/unmarshalable_body (0.00s)
=== RUN   TestClient_Put_Success
=== RUN   TestClient_Put_Success/successful_PUT_request
--- PASS: TestClient_Put_Success (0.01s)
    --- PASS: TestClient_Put_Success/successful_PUT_request (0.01s)
=== RUN   TestClient_Put_Error
=== RUN   TestClient_Put_Error/invalid_URL
2026/02/24 17:24:21 ERROR failed to create PUT request url=://invalid-url error="parse \"://invalid-url\": missing protocol scheme"
--- PASS: TestClient_Put_Error (0.00s)
    --- PASS: TestClient_Put_Error/invalid_URL (0.00s)
=== RUN   TestClient_Delete_Success
=== RUN   TestClient_Delete_Success/successful_DELETE_request
--- PASS: TestClient_Delete_Success (0.01s)
    --- PASS: TestClient_Delete_Success/successful_DELETE_request (0.01s)
=== RUN   TestClient_Delete_Error
=== RUN   TestClient_Delete_Error/invalid_URL
2026/02/24 17:24:21 ERROR failed to create DELETE request url=://invalid-url error="parse \"://invalid-url\": missing protocol scheme"
--- PASS: TestClient_Delete_Error (0.00s)
    --- PASS: TestClient_Delete_Error/invalid_URL (0.00s)
=== RUN   TestClient_DecodeJSON_Success
=== RUN   TestClient_DecodeJSON_Success/decode_JSON_object
=== RUN   TestClient_DecodeJSON_Success/decode_JSON_array
--- PASS: TestClient_DecodeJSON_Success (0.02s)
    --- PASS: TestClient_DecodeJSON_Success/decode_JSON_object (0.01s)
    --- PASS: TestClient_DecodeJSON_Success/decode_JSON_array (0.01s)
=== RUN   TestClient_DecodeJSON_Error
=== RUN   TestClient_DecodeJSON_Error/invalid_JSON
2026/02/24 17:24:21 ERROR failed to unmarshal response status=200 body="{invalid json}" error="invalid character 'i' looking for beginning of object key string"
--- PASS: TestClient_DecodeJSON_Error (0.01s)
    --- PASS: TestClient_DecodeJSON_Error/invalid_JSON (0.01s)
=== RUN   TestClient_CloseIdleConnections
--- PASS: TestClient_CloseIdleConnections (0.00s)
=== RUN   TestGetStreamerInfo
=== RUN   TestGetStreamerInfo/successfully_retrieves_streamer_info
2026/02/24 17:24:21 INFO successfully retrieved streamer info accountId=test-account-id
=== RUN   TestGetStreamerInfo/handles_missing_streamer_info
2026/02/24 17:24:21 ERROR streamer info not found in preferences response
=== RUN   TestGetStreamerInfo/handles_HTTP_error
2026/02/24 17:24:21 ERROR streamer info not found in preferences response
--- PASS: TestGetStreamerInfo (0.03s)
    --- PASS: TestGetStreamerInfo/successfully_retrieves_streamer_info (0.01s)
    --- PASS: TestGetStreamerInfo/handles_missing_streamer_info (0.01s)
    --- PASS: TestGetStreamerInfo/handles_HTTP_error (0.01s)
PASS
ok  	github.com/citizenadam/go-schwabapi/pkg/client	(cached)
