=== RUN   TestFormatEquityKey
=== RUN   TestFormatEquityKey/4-char_symbol
=== RUN   TestFormatEquityKey/5-char_symbol
=== RUN   TestFormatEquityKey/6-char_symbol
--- PASS: TestFormatEquityKey (0.00s)
    --- PASS: TestFormatEquityKey/4-char_symbol (0.00s)
    --- PASS: TestFormatEquityKey/5-char_symbol (0.00s)
    --- PASS: TestFormatEquityKey/6-char_symbol (0.00s)
=== RUN   TestFormatOptionKey
=== RUN   TestFormatOptionKey/AAPL_Aug_9_2024_$95_Call
=== RUN   TestFormatOptionKey/AAPL_Aug_9_2024_$95_Put
=== RUN   TestFormatOptionKey/TSLA_Dec_20_2024_$200_Call
=== RUN   TestFormatOptionKey/SPY_Jan_17_2025_$500_Call
--- PASS: TestFormatOptionKey (0.00s)
    --- PASS: TestFormatOptionKey/AAPL_Aug_9_2024_$95_Call (0.00s)
    --- PASS: TestFormatOptionKey/AAPL_Aug_9_2024_$95_Put (0.00s)
    --- PASS: TestFormatOptionKey/TSLA_Dec_20_2024_$200_Call (0.00s)
    --- PASS: TestFormatOptionKey/SPY_Jan_17_2025_$500_Call (0.00s)
=== RUN   TestFormatFutureKey
=== RUN   TestFormatFutureKey/E-mini_S&P_500_March_2024
=== RUN   TestFormatFutureKey/Crude_Oil_June_2024
=== RUN   TestFormatFutureKey/Gold_December_2024
--- PASS: TestFormatFutureKey (0.00s)
    --- PASS: TestFormatFutureKey/E-mini_S&P_500_March_2024 (0.00s)
    --- PASS: TestFormatFutureKey/Crude_Oil_June_2024 (0.00s)
    --- PASS: TestFormatFutureKey/Gold_December_2024 (0.00s)
=== RUN   TestFormatForexKey
=== RUN   TestFormatForexKey/EUR/USD
=== RUN   TestFormatForexKey/GBP/USD
=== RUN   TestFormatForexKey/USD/JPY
--- PASS: TestFormatForexKey (0.00s)
    --- PASS: TestFormatForexKey/EUR/USD (0.00s)
    --- PASS: TestFormatForexKey/GBP/USD (0.00s)
    --- PASS: TestFormatForexKey/USD/JPY (0.00s)
=== RUN   TestNewManager
--- PASS: TestNewManager (0.00s)
=== RUN   TestManager_RecordRequest_ADD
--- PASS: TestManager_RecordRequest_ADD (0.00s)
=== RUN   TestManager_GetSubscriptions
--- PASS: TestManager_GetSubscriptions (0.00s)
=== RUN   TestManager_GetSubscriptions_Empty
--- PASS: TestManager_GetSubscriptions_Empty (0.00s)
=== RUN   TestManager_Clear
--- PASS: TestManager_Clear (0.00s)
=== RUN   TestManager_MultipleServices
--- PASS: TestManager_MultipleServices (0.00s)
=== RUN   TestManager_ConcurrentAccess
--- PASS: TestManager_ConcurrentAccess (0.00s)
=== RUN   TestManager_EmptyKeys
--- PASS: TestManager_EmptyKeys (0.00s)
=== RUN   TestManager_EmptyFields
--- PASS: TestManager_EmptyFields (0.00s)
PASS
ok  	github.com/citizenadam/go-schwabapi/pkg/stream	(cached)
